<?xml version="1.0" encoding="UTF-8"?>
<!-- Generated by org.testng.reporters.JUnitReportReporter -->
<testsuite hostname="iDeliver36" name="com.AP.qa.test.TC002_Multiple_Products_Checkout_2" tests="1" failures="0" timestamp="18 Nov 2020 11:00:30 GMT" time="30.295" errors="0">
  <testcase name="TC002_Multiple_Products_Checkout" time="30.295" classname="com.AP.qa.test.TC002_Multiple_Products_Checkout_2"/>
</testsuite> <!-- com.AP.qa.test.TC002_Multiple_Products_Checkout_2 -->
