<?xml version="1.0" encoding="UTF-8"?>
<!-- Generated by org.testng.reporters.JUnitReportReporter -->
<testsuite hostname="iDeliver36" name="com.AP.qa.test.TC001_Single_Product_Checkout" tests="2" failures="0" timestamp="18 Nov 2020 11:00:30 GMT" time="19.989" errors="0">
  <testcase name="LoginTest" time="8.921" classname="com.AP.qa.test.TC001_Single_Product_Checkout"/>
  <testcase name="SelectProduct" time="11.068" classname="com.AP.qa.test.TC001_Single_Product_Checkout"/>
</testsuite> <!-- com.AP.qa.test.TC001_Single_Product_Checkout -->
